<?xml version="1.0" encoding="UTF-8"?>
<!-- Generated by org.testng.reporters.JUnitXMLReporter -->
<testsuite ignored="0" hostname="DESKTOP-L0CE2LE" failures="0" tests="4" name="Default test" time="0.095" errors="0" timestamp="2023-02-09T19:13:00 IST">
  <testcase classname="demooo.Practice" name="demoTest1" time="0.011"/>
  <testcase classname="demooo.Practice" name="demoTest2" time="0.003"/>
  <testcase classname="demooo.Practice" name="demoTest3" time="0.002"/>
  <testcase classname="demooo.Practice" name="demoTest4" time="0.004"/>
</testsuite> <!-- Default test -->
