<?xml version="1.0" encoding="UTF-8"?>
<testng-results ignored="0" total="1" passed="1" failed="0" skipped="0">
  <reporter-output>
  </reporter-output>
  <suite started-at="2023-02-09T19:17:27 IST" name="Default suite" finished-at="2023-02-09T19:17:27 IST" duration-ms="65">
    <groups>
    </groups>
    <test started-at="2023-02-09T19:17:27 IST" name="Default test" finished-at="2023-02-09T19:17:27 IST" duration-ms="65">
      <class name="demooo.Depo">
        <test-method signature="depoTest()[pri:0, instance:demooo.Depo@6193932a]" started-at="2023-02-09T19:17:27 IST" name="depoTest" finished-at="2023-02-09T19:17:27 IST" duration-ms="15" status="PASS">
          <reporter-output>
          </reporter-output>
        </test-method> <!-- depoTest -->
      </class> <!-- demooo.Depo -->
    </test> <!-- Default test -->
  </suite> <!-- Default suite -->
</testng-results>
